<?xml version="1.0" encoding="UTF-8"?>
<!-- Generated by org.testng.reporters.JUnitXMLReporter -->
<testsuite ignored="1" hostname="nirav-Inspiron-3558" failures="1" tests="1" name="Default test(failed)" time="13.552" errors="0" timestamp="2021-09-24T23:33:36 IST">
  <testcase classname="loginpagetest.TestLoginPage" name="testLoginWithValidCredential" time="6.9">
    <failure type="java.lang.AssertionError" message="Invalid Manager Id expected [Manger Id : mngr355479nirav] but found [Manger Id : mngr355479]">
      <![CDATA[java.lang.AssertionError: Invalid Manager Id expected [Manger Id : mngr355479nirav] but found [Manger Id : mngr355479]
at loginpagetest.TestLoginPage.testLoginWithValidCredential(TestLoginPage.java:18)
at java.base/java.util.ArrayList.forEach(ArrayList.java:1511)
... Removed 32 stack frames]]>
    </failure>
  </testcase> <!-- testLoginWithValidCredential -->
  <testcase classname="loginpagetest.TestLoginPage" name="testLoginWithInvalidCredential" time="0.0">
    <ignored/>
  </testcase> <!-- testLoginWithInvalidCredential -->
</testsuite> <!-- Default test(failed) -->
