<?xml version="1.0" encoding="UTF-8"?>
<!-- Generated by org.testng.reporters.JUnitXMLReporter -->
<testsuite ignored="0" hostname="nirav-Inspiron-3558" failures="0" tests="2" name="Default test" time="24.499" errors="0" timestamp="2021-09-25T13:09:23 IST">
  <testcase classname="loginpagetest.TestLoginPage" name="testLoginWithValidCredential" time="8.77"/>
  <testcase classname="loginpagetest.TestLoginPage" name="testLoginWithInvalidCredential" time="0.865"/>
</testsuite> <!-- Default test -->
