<?xml version="1.0" encoding="UTF-8"?>
<!-- Generated by org.testng.reporters.JUnitXMLReporter -->
<testsuite ignored="0" hostname="nirav-Inspiron-3558" failures="1" tests="3" name="Test" time="26.668" errors="0" timestamp="2021-09-26T16:39:13 IST">
  <testcase classname="addcustomerpagetest.TestAddCutomerPage" name="testAddCutomer" time="5.631"/>
  <testcase classname="addcustomerpagetest.TestAddCutomerPage" name="testAddCutomer" time="4.763"/>
  <testcase classname="addcustomerpagetest.TestAddCutomerPage" name="testAddCutomerHeader" time="1.817">
    <failure type="java.lang.AssertionError" message="Invalid Header expected [Add New Customer123] but found [Add New Customer]">
      <![CDATA[java.lang.AssertionError: Invalid Header expected [Add New Customer123] but found [Add New Customer]
at addcustomerpagetest.TestAddCutomerPage.testAddCutomerHeader(TestAddCutomerPage.java:22)
at java.base/java.util.ArrayList.forEach(ArrayList.java:1511)
... Removed 32 stack frames]]>
    </failure>
  </testcase> <!-- testAddCutomerHeader -->
</testsuite> <!-- Test -->
