<?xml version="1.0" encoding="UTF-8"?>
<!-- Generated by org.testng.reporters.JUnitXMLReporter -->
<testsuite ignored="1" hostname="nirav-Inspiron-3558" failures="0" tests="1" name="Default test(failed)(failed)" time="14.406" errors="0" timestamp="2021-09-24T23:34:24 IST">
  <testcase classname="loginpagetest.TestLoginPage" name="testLoginWithValidCredential" time="6.213"/>
  <testcase classname="loginpagetest.TestLoginPage" name="testLoginWithInvalidCredential" time="0.0">
    <ignored/>
  </testcase> <!-- testLoginWithInvalidCredential -->
</testsuite> <!-- Default test(failed)(failed) -->
