<?xml version="1.0" encoding="UTF-8"?>
<testng-results ignored="0" total="3" passed="2" failed="1" skipped="0">
  <reporter-output>
  </reporter-output>
  <suite started-at="2021-09-26T16:38:46 IST" name="Suite" finished-at="2021-09-26T16:39:13 IST" duration-ms="26668">
    <groups>
    </groups>
    <test started-at="2021-09-26T16:38:46 IST" name="Test" finished-at="2021-09-26T16:39:13 IST" duration-ms="26668">
      <class name="addcustomerpagetest.TestAddCutomerPage">
        <test-method is-config="true" signature="setup()[pri:0, instance:addcustomerpagetest.TestAddCutomerPage@39529185]" started-at="2021-09-26T16:38:46 IST" name="setup" finished-at="2021-09-26T16:38:50 IST" duration-ms="3504" status="PASS">
          <reporter-output>
          </reporter-output>
        </test-method> <!-- setup -->
        <test-method is-config="true" signature="goToLoginPage()[pri:0, instance:addcustomerpagetest.TestAddCutomerPage@39529185]" started-at="2021-09-26T16:38:52 IST" name="goToLoginPage" finished-at="2021-09-26T16:38:57 IST" duration-ms="5508" status="PASS">
          <reporter-output>
          </reporter-output>
        </test-method> <!-- goToLoginPage -->
        <test-method signature="testAddCutomer(java.lang.String, java.lang.String, java.lang.String, java.lang.String, java.lang.String, java.lang.String, java.lang.String, java.lang.String, java.lang.String, java.lang.String)[pri:0, instance:addcustomerpagetest.TestAddCutomerPage@39529185]" started-at="2021-09-26T16:38:57 IST" name="testAddCutomer" data-provider="AddCustomerData" finished-at="2021-09-26T16:39:03 IST" duration-ms="5631" status="PASS">
          <params>
            <param index="0">
              <value>
                <![CDATA[nirav]]>
              </value>
            </param>
            <param index="1">
              <value>
                <![CDATA[m]]>
              </value>
            </param>
            <param index="2">
              <value>
                <![CDATA[01/12/2001]]>
              </value>
            </param>
            <param index="3">
              <value>
                <![CDATA[Surat]]>
              </value>
            </param>
            <param index="4">
              <value>
                <![CDATA[Surat]]>
              </value>
            </param>
            <param index="5">
              <value>
                <![CDATA[Gujarat]]>
              </value>
            </param>
            <param index="6">
              <value>
                <![CDATA[400001]]>
              </value>
            </param>
            <param index="7">
              <value>
                <![CDATA[5912345780]]>
              </value>
            </param>
            <param index="8">
              <value>
                <![CDATA[hello.12@gmail.com]]>
              </value>
            </param>
            <param index="9">
              <value>
                <![CDATA[hellonirav123]]>
              </value>
            </param>
          </params>
          <reporter-output>
          </reporter-output>
        </test-method> <!-- testAddCutomer -->
        <test-method is-config="true" signature="goToLoginPage()[pri:0, instance:addcustomerpagetest.TestAddCutomerPage@39529185]" started-at="2021-09-26T16:39:03 IST" name="goToLoginPage" finished-at="2021-09-26T16:39:04 IST" duration-ms="1617" status="PASS">
          <reporter-output>
          </reporter-output>
        </test-method> <!-- goToLoginPage -->
        <test-method signature="testAddCutomer(java.lang.String, java.lang.String, java.lang.String, java.lang.String, java.lang.String, java.lang.String, java.lang.String, java.lang.String, java.lang.String, java.lang.String)[pri:0, instance:addcustomerpagetest.TestAddCutomerPage@39529185]" started-at="2021-09-26T16:39:04 IST" name="testAddCutomer" data-provider="AddCustomerData" finished-at="2021-09-26T16:39:09 IST" duration-ms="4763" status="PASS">
          <params>
            <param index="0">
              <value>
                <![CDATA[chaitali]]>
              </value>
            </param>
            <param index="1">
              <value>
                <![CDATA[f]]>
              </value>
            </param>
            <param index="2">
              <value>
                <![CDATA[14/11/2001]]>
              </value>
            </param>
            <param index="3">
              <value>
                <![CDATA[Surat]]>
              </value>
            </param>
            <param index="4">
              <value>
                <![CDATA[Surat]]>
              </value>
            </param>
            <param index="5">
              <value>
                <![CDATA[Gujarat]]>
              </value>
            </param>
            <param index="6">
              <value>
                <![CDATA[400001]]>
              </value>
            </param>
            <param index="7">
              <value>
                <![CDATA[5821470236]]>
              </value>
            </param>
            <param index="8">
              <value>
                <![CDATA[Hello.11@gmail.com]]>
              </value>
            </param>
            <param index="9">
              <value>
                <![CDATA[hellochetu45]]>
              </value>
            </param>
          </params>
          <reporter-output>
          </reporter-output>
        </test-method> <!-- testAddCutomer -->
        <test-method is-config="true" signature="goToLoginPage()[pri:0, instance:addcustomerpagetest.TestAddCutomerPage@39529185]" started-at="2021-09-26T16:39:09 IST" name="goToLoginPage" finished-at="2021-09-26T16:39:11 IST" duration-ms="1460" status="PASS">
          <reporter-output>
          </reporter-output>
        </test-method> <!-- goToLoginPage -->
        <test-method signature="testAddCutomerHeader()[pri:0, instance:addcustomerpagetest.TestAddCutomerPage@39529185]" started-at="2021-09-26T16:39:11 IST" name="testAddCutomerHeader" finished-at="2021-09-26T16:39:12 IST" duration-ms="1817" status="FAIL">
          <exception class="java.lang.AssertionError">
            <message>
              <![CDATA[Invalid Header expected [Add New Customer123] but found [Add New Customer]]]>
            </message>
            <full-stacktrace>
              <![CDATA[java.lang.AssertionError: Invalid Header expected [Add New Customer123] but found [Add New Customer]
at org.testng.Assert.fail(Assert.java:99)
at org.testng.Assert.failNotEquals(Assert.java:1037)
at org.testng.Assert.assertEqualsImpl(Assert.java:140)
at org.testng.Assert.assertEquals(Assert.java:122)
at org.testng.Assert.assertEquals(Assert.java:629)
at addcustomerpagetest.TestAddCutomerPage.testAddCutomerHeader(TestAddCutomerPage.java:22)
at java.base/jdk.internal.reflect.NativeMethodAccessorImpl.invoke0(Native Method)
at java.base/jdk.internal.reflect.NativeMethodAccessorImpl.invoke(NativeMethodAccessorImpl.java:64)
at java.base/jdk.internal.reflect.DelegatingMethodAccessorImpl.invoke(DelegatingMethodAccessorImpl.java:43)
at java.base/java.lang.reflect.Method.invoke(Method.java:564)
at org.testng.internal.MethodInvocationHelper.invokeMethod(MethodInvocationHelper.java:132)
at org.testng.internal.TestInvoker.invokeMethod(TestInvoker.java:599)
at org.testng.internal.TestInvoker.invokeTestMethod(TestInvoker.java:174)
at org.testng.internal.MethodRunner.runInSequence(MethodRunner.java:46)
at org.testng.internal.TestInvoker$MethodInvocationAgent.invoke(TestInvoker.java:822)
at org.testng.internal.TestInvoker.invokeTestMethods(TestInvoker.java:147)
at org.testng.internal.TestMethodWorker.invokeTestMethods(TestMethodWorker.java:146)
at org.testng.internal.TestMethodWorker.run(TestMethodWorker.java:128)
at java.base/java.util.ArrayList.forEach(ArrayList.java:1511)
at org.testng.TestRunner.privateRun(TestRunner.java:764)
at org.testng.TestRunner.run(TestRunner.java:585)
at org.testng.SuiteRunner.runTest(SuiteRunner.java:384)
at org.testng.SuiteRunner.runSequentially(SuiteRunner.java:378)
at org.testng.SuiteRunner.privateRun(SuiteRunner.java:337)
at org.testng.SuiteRunner.run(SuiteRunner.java:286)
at org.testng.SuiteRunnerWorker.runSuite(SuiteRunnerWorker.java:53)
at org.testng.SuiteRunnerWorker.run(SuiteRunnerWorker.java:96)
at org.testng.TestNG.runSuitesSequentially(TestNG.java:1218)
at org.testng.TestNG.runSuitesLocally(TestNG.java:1140)
at org.testng.TestNG.runSuites(TestNG.java:1069)
at org.testng.TestNG.run(TestNG.java:1037)
at org.testng.remote.AbstractRemoteTestNG.run(AbstractRemoteTestNG.java:115)
at org.testng.remote.RemoteTestNG.initAndRun(RemoteTestNG.java:251)
at org.testng.remote.RemoteTestNG.main(RemoteTestNG.java:77)
]]>
            </full-stacktrace>
          </exception> <!-- java.lang.AssertionError -->
          <reporter-output>
          </reporter-output>
        </test-method> <!-- testAddCutomerHeader -->
        <test-method is-config="true" signature="tearDown()[pri:0, instance:addcustomerpagetest.TestAddCutomerPage@39529185]" started-at="2021-09-26T16:39:13 IST" name="tearDown" finished-at="2021-09-26T16:39:13 IST" duration-ms="190" status="PASS">
          <reporter-output>
          </reporter-output>
        </test-method> <!-- tearDown -->
      </class> <!-- addcustomerpagetest.TestAddCutomerPage -->
    </test> <!-- Test -->
  </suite> <!-- Suite -->
</testng-results>
